[    0.000000] Linux version 4.15.0-143-generic (buildd@lcy01-amd64-001) (gcc version 7.5.0 (Ubuntu 7.5.0-3ubuntu1~18.04)) #147-Ubuntu SMP Wed Apr 14 16:10:11 UTC 2021 (Ubuntu 4.15.0-143.147-generic 4.15.18)
[    0.000000] Command line: BOOT_IMAGE=/boot/vmlinuz-4.15.0-143-generic root=LABEL=cloudimg-rootfs ro console=tty1 console=ttyS0
[    0.000000] KERNEL supported cpus:
[    0.000000]   Intel GenuineIntel
[    0.000000]   AMD AuthenticAMD
[    0.000000]   Centaur CentaurHauls
[    0.000000] x86/fpu: Supporting XSAVE feature 0x001: 'x87 floating point registers'
[    0.000000] x86/fpu: Supporting XSAVE feature 0x002: 'SSE registers'
[    0.000000] x86/fpu: Supporting XSAVE feature 0x004: 'AVX registers'
[    0.000000] x86/fpu: xstate_offset[2]:  576, xstate_sizes[2]:  256
[    0.000000] x86/fpu: Enabled xstate features 0x7, context size is 832 bytes, using 'standard' format.
[    0.000000] e820: BIOS-provided physical RAM map:
[    0.000000] BIOS-e820: [mem 0x0000000000000000-0x000000000009fbff] usable
[    0.000000] BIOS-e820: [mem 0x000000000009fc00-0x000000000009ffff] reserved
[    0.000000] BIOS-e820: [mem 0x00000000000f0000-0x00000000000fffff] reserved
[    0.000000] BIOS-e820: [mem 0x0000000000100000-0x000000003ffeffff] usable
[    0.000000] BIOS-e820: [mem 0x000000003fff0000-0x000000003fffffff] ACPI data
[    0.000000] BIOS-e820: [mem 0x00000000fec00000-0x00000000fec00fff] reserved
[    0.000000] BIOS-e820: [mem 0x00000000fee00000-0x00000000fee00fff] reserved
[    0.000000] BIOS-e820: [mem 0x00000000fffc0000-0x00000000ffffffff] reserved
[    0.000000] NX (Execute Disable) protection: active
[    0.000000] SMBIOS 2.5 present.
[    0.000000] DMI: innotek GmbH VirtualBox/VirtualBox, BIOS VirtualBox 12/01/2006
[    0.000000] Hypervisor detected: KVM
[    0.000000] e820: last_pfn = 0x3fff0 max_arch_pfn = 0x400000000
[    0.000000] MTRR: Disabled
[    0.000000] x86/PAT: MTRRs disabled, skipping PAT initialization too.
[    0.000000] CPU MTRRs all blank - virtualized system.
[    0.000000] x86/PAT: Configuration [0-7]: WB  WT  UC- UC  WB  WT  UC- UC  
[    0.000000] found SMP MP-table at [mem 0x0009fff0-0x0009ffff]
[    0.000000] Scanning 1 areas for low memory corruption
[    0.000000] RAMDISK: [mem 0x359cf000-0x36cdefff]
[    0.000000] ACPI: Early table checksum verification disabled
[    0.000000] ACPI: RSDP 0x00000000000E0000 000024 (v02 VBOX  )
[    0.000000] ACPI: XSDT 0x000000003FFF0030 00003C (v01 VBOX   VBOXXSDT 00000001 ASL  00000061)
[    0.000000] ACPI: FACP 0x000000003FFF00F0 0000F4 (v04 VBOX   VBOXFACP 00000001 ASL  00000061)
[    0.000000] ACPI: DSDT 0x000000003FFF0470 002325 (v02 VBOX   VBOXBIOS 00000002 INTL 20120111)
[    0.000000] ACPI: FACS 0x000000003FFF0200 000040
[    0.000000] ACPI: FACS 0x000000003FFF0200 000040
[    0.000000] ACPI: APIC 0x000000003FFF0240 00005C (v02 VBOX   VBOXAPIC 00000001 ASL  00000061)
[    0.000000] ACPI: SSDT 0x000000003FFF02A0 0001CC (v01 VBOX   VBOXCPUT 00000002 INTL 20120111)
[    0.000000] No NUMA configuration found
[    0.000000] Faking a node at [mem 0x0000000000000000-0x000000003ffeffff]
[    0.000000] NODE_DATA(0) allocated [mem 0x3ffc5000-0x3ffeffff]
[    0.000000] kvm-clock: cpu 0, msr 0:3ff44001, primary cpu clock
[    0.000000] kvm-clock: Using msrs 4b564d01 and 4b564d00
[    0.000000] kvm-clock: using sched offset of 4309459352 cycles
[    0.000000] clocksource: kvm-clock: mask: 0xffffffffffffffff max_cycles: 0x1cd42e4dffb, max_idle_ns: 881590591483 ns
[    0.000000] Zone ranges:
[    0.000000]   DMA      [mem 0x0000000000001000-0x0000000000ffffff]
[    0.000000]   DMA32    [mem 0x0000000001000000-0x000000003ffeffff]
[    0.000000]   Normal   empty
[    0.000000]   Device   empty
[    0.000000] Movable zone start for each node
[    0.000000] Early memory node ranges
[    0.000000]   node   0: [mem 0x0000000000001000-0x000000000009efff]
[    0.000000]   node   0: [mem 0x0000000000100000-0x000000003ffeffff]
[    0.000000] Reserved but unavailable: 98 pages
[    0.000000] Initmem setup node 0 [mem 0x0000000000001000-0x000000003ffeffff]
[    0.000000] ACPI: PM-Timer IO Port: 0x4008
[    0.000000] IOAPIC[0]: apic_id 2, version 32, address 0xfec00000, GSI 0-23
[    0.000000] ACPI: INT_SRC_OVR (bus 0 bus_irq 0 global_irq 2 dfl dfl)
[    0.000000] ACPI: INT_SRC_OVR (bus 0 bus_irq 9 global_irq 9 low level)
[    0.000000] Using ACPI (MADT) for SMP configuration information
[    0.000000] smpboot: Allowing 2 CPUs, 0 hotplug CPUs
[    0.000000] PM: Registered nosave memory: [mem 0x00000000-0x00000fff]
[    0.000000] PM: Registered nosave memory: [mem 0x0009f000-0x0009ffff]
[    0.000000] PM: Registered nosave memory: [mem 0x000a0000-0x000effff]
[    0.000000] PM: Registered nosave memory: [mem 0x000f0000-0x000fffff]
[    0.000000] e820: [mem 0x40000000-0xfebfffff] available for PCI devices
[    0.000000] Booting paravirtualized kernel on KVM
[    0.000000] clocksource: refined-jiffies: mask: 0xffffffff max_cycles: 0xffffffff, max_idle_ns: 7645519600211568 ns
[    0.000000] random: get_random_bytes called from start_kernel+0x99/0x500 with crng_init=0
[    0.000000] setup_percpu: NR_CPUS:8192 nr_cpumask_bits:2 nr_cpu_ids:2 nr_node_ids:1
[    0.000000] percpu: Embedded 45 pages/cpu s147456 r8192 d28672 u1048576
[    0.000000] PV qspinlock hash table entries: 256 (order: 0, 4096 bytes)
[    0.000000] Built 1 zonelists, mobility grouping on.  Total pages: 257913
[    0.000000] Policy zone: DMA32
[    0.000000] Kernel command line: BOOT_IMAGE=/boot/vmlinuz-4.15.0-143-generic root=LABEL=cloudimg-rootfs ro console=tty1 console=ttyS0
[    0.000000] Memory: 982720K/1048120K available (12300K kernel code, 2483K rwdata, 4316K rodata, 2444K init, 2724K bss, 65400K reserved, 0K cma-reserved)
[    0.000000] SLUB: HWalign=64, Order=0-3, MinObjects=0, CPUs=2, Nodes=1
[    0.000000] Kernel/User page tables isolation: enabled
[    0.000000] ftrace: allocating 39437 entries in 155 pages
[    0.004000] Hierarchical RCU implementation.
[    0.004000] 	RCU restricting CPUs from NR_CPUS=8192 to nr_cpu_ids=2.
[    0.004000] 	Tasks RCU enabled.
[    0.004000] RCU: Adjusting geometry for rcu_fanout_leaf=16, nr_cpu_ids=2
[    0.004000] NR_IRQS: 524544, nr_irqs: 440, preallocated irqs: 16
[    0.004000] Console: colour VGA+ 80x25
[    0.004000] console [tty1] enabled
[    0.004000] console [ttyS0] enabled
[    0.004000] ACPI: Core revision 20170831
[    0.004000] ACPI: 2 ACPI AML tables successfully acquired and loaded
[    0.004000] APIC: Switch to symmetric I/O mode setup
[    0.004000] x2apic enabled
[    0.004000] Switched APIC routing to physical x2apic.
[    0.004000] ..TIMER: vector=0x30 apic1=0 pin1=2 apic2=-1 pin2=-1
[    0.004003] tsc: Detected 3491.916 MHz processor
[    0.004977] Calibrating delay loop (skipped) preset value.. 6983.83 BogoMIPS (lpj=13967664)
[    0.005777] pid_max: default: 32768 minimum: 301
[    0.008034] Security Framework initialized
[    0.008794] Yama: becoming mindful.
[    0.009453] AppArmor: AppArmor initialized
[    0.012018] Dentry cache hash table entries: 131072 (order: 8, 1048576 bytes)
[    0.013321] Inode-cache hash table entries: 65536 (order: 7, 524288 bytes)
[    0.014485] Mount-cache hash table entries: 2048 (order: 2, 16384 bytes)
[    0.016004] Mountpoint-cache hash table entries: 2048 (order: 2, 16384 bytes)
[    0.017878] Last level iTLB entries: 4KB 1024, 2MB 1024, 4MB 1024
[    0.019117] Last level dTLB entries: 4KB 1024, 2MB 1024, 4MB 1024, 1GB 4
[    0.020003] Spectre V1 : Mitigation: usercopy/swapgs barriers and __user pointer sanitization
[    0.021640] Spectre V2 : Mitigation: Full generic retpoline
[    0.022781] Spectre V2 : Spectre v2 / SpectreRSB mitigation: Filling RSB on context switch
[    0.024007] Speculative Store Bypass: Vulnerable
[    0.028050] SRBDS: Unknown: Dependent on hypervisor status
[    0.029113] MDS: Mitigation: Clear CPU buffers
[    0.030073] Freeing SMP alternatives memory: 36K
[    0.142066] smpboot: CPU0: Intel(R) Core(TM) i5-4690 CPU @ 3.50GHz (family: 0x6, model: 0x3c, stepping: 0x3)
[    0.144000] Performance Events: unsupported p6 CPU model 60 no PMU driver, software events only.
[    0.144034] Hierarchical SRCU implementation.
[    0.145348] NMI watchdog: Perf event create on CPU 0 failed with -2
[    0.146482] NMI watchdog: Perf NMI watchdog permanently disabled
[    0.148049] smp: Bringing up secondary CPUs ...
[    0.149092] x86: Booting SMP configuration:
[    0.150418] .... node  #0, CPUs:      #1
[    0.004000] kvm-clock: cpu 1, msr 0:3ff44041, secondary cpu clock
[    0.154978] smp: Brought up 1 node, 2 CPUs
[    0.154978] smpboot: Max logical packages: 1
[    0.156093] smpboot: Total of 2 processors activated (13967.66 BogoMIPS)
[    0.157710] devtmpfs: initialized
[    0.157710] x86/mm: Memory block size: 128MB
[    0.160154] evm: security.selinux
[    0.161138] evm: security.SMACK64
[    0.161836] evm: security.SMACK64EXEC
[    0.162544] evm: security.SMACK64TRANSMUTE
[    0.163325] evm: security.SMACK64MMAP
[    0.164003] evm: security.apparmor
[    0.164641] evm: security.ima
[    0.165199] evm: security.capability
[    0.165943] clocksource: jiffies: mask: 0xffffffff max_cycles: 0xffffffff, max_idle_ns: 7645041785100000 ns
[    0.168012] futex hash table entries: 512 (order: 3, 32768 bytes)
[    0.170810] pinctrl core: initialized pinctrl subsystem
[    0.172111] RTC time: 16:30:37, date: 05/21/21
[    0.173107] NET: Registered protocol family 16
[    0.173985] audit: initializing netlink subsys (disabled)
[    0.176033] audit: type=2000 audit(1621614643.332:1): state=initialized audit_enabled=0 res=1
[    0.177685] cpuidle: using governor ladder
[    0.177685] cpuidle: using governor menu
[    0.180038] ACPI: bus type PCI registered
[    0.180872] acpiphp: ACPI Hot Plug PCI Controller Driver version: 0.5
[    0.182449] PCI: Using configuration type 1 for base access
[    0.184838] HugeTLB registered 2.00 MiB page size, pre-allocated 0 pages
[    0.185314] ACPI: Added _OSI(Module Device)
[    0.188011] ACPI: Added _OSI(Processor Device)
[    0.188952] ACPI: Added _OSI(3.0 _SCP Extensions)
[    0.190236] ACPI: Added _OSI(Processor Aggregator Device)
[    0.191352] ACPI: Added _OSI(Linux-Dell-Video)
[    0.192005] ACPI: Added _OSI(Linux-Lenovo-NV-HDMI-Audio)
[    0.192949] ACPI: Added _OSI(Linux-HPI-Hybrid-Graphics)
[    0.194386] ACPI: Executed 1 blocks of module-level executable AML code
[    0.198565] ACPI: Interpreter enabled
[    0.199299] ACPI: (supports S0 S5)
[    0.200003] ACPI: Using IOAPIC for interrupt routing
[    0.201168] PCI: Using host bridge windows from ACPI; if necessary, use "pci=nocrs" and report a bug
[    0.203099] ACPI: Enabled 2 GPEs in block 00 to 07
[    0.210512] ACPI: PCI Root Bridge [PCI0] (domain 0000 [bus 00-ff])
[    0.211688] acpi PNP0A03:00: _OSC: OS supports [ASPM ClockPM Segments MSI]
[    0.212346] acpi PNP0A03:00: _OSC: not requesting OS control; OS requires [ExtendedConfig ASPM ClockPM MSI]
[    0.214387] acpi PNP0A03:00: fail to add MMCONFIG information, can't access extended PCI configuration space under this bridge.
[    0.216478] PCI host bridge to bus 0000:00
[    0.217411] pci_bus 0000:00: root bus resource [io  0x0000-0x0cf7 window]
[    0.220004] pci_bus 0000:00: root bus resource [io  0x0d00-0xffff window]
[    0.221650] pci_bus 0000:00: root bus resource [mem 0x000a0000-0x000bffff window]
[    0.223214] pci_bus 0000:00: root bus resource [mem 0x40000000-0xfdffffff window]
[    0.224006] pci_bus 0000:00: root bus resource [bus 00-ff]
[    0.229222] pci 0000:00:01.1: legacy IDE quirk: reg 0x10: [io  0x01f0-0x01f7]
[    0.230666] pci 0000:00:01.1: legacy IDE quirk: reg 0x14: [io  0x03f6]
[    0.231855] pci 0000:00:01.1: legacy IDE quirk: reg 0x18: [io  0x0170-0x0177]
[    0.232003] pci 0000:00:01.1: legacy IDE quirk: reg 0x1c: [io  0x0376]
[    0.252472] pci 0000:00:07.0: quirk: [io  0x4000-0x403f] claimed by PIIX4 ACPI
[    0.253916] pci 0000:00:07.0: quirk: [io  0x4100-0x410f] claimed by PIIX4 SMB
[    0.266889] ACPI: PCI Interrupt Link [LNKA] (IRQs 5 9 10 *11)
[    0.268242] ACPI: PCI Interrupt Link [LNKB] (IRQs 5 9 *10 11)
[    0.269506] ACPI: PCI Interrupt Link [LNKC] (IRQs 5 *9 10 11)
[    0.270652] ACPI: PCI Interrupt Link [LNKD] (IRQs 5 9 10 *11)
[    0.272180] SCSI subsystem initialized
[    0.273017] pci 0000:00:02.0: vgaarb: setting as boot VGA device
[    0.273484] pci 0000:00:02.0: vgaarb: VGA device added: decodes=io+mem,owns=io+mem,locks=none
[    0.276011] pci 0000:00:02.0: vgaarb: bridge control possible
[    0.277134] vgaarb: loaded
[    0.277716] ACPI: bus type USB registered
[    0.278559] usbcore: registered new interface driver usbfs
[    0.280018] usbcore: registered new interface driver hub
[    0.281189] usbcore: registered new device driver usb
[    0.282353] EDAC MC: Ver: 3.0.0
[    0.282353] PCI: Using ACPI for IRQ routing
[    0.284358] NetLabel: Initializing
[    0.285036] NetLabel:  domain hash size = 128
[    0.285895] NetLabel:  protocols = UNLABELED CIPSOv4 CALIPSO
[    0.287122] NetLabel:  unlabeled traffic allowed by default
[    0.288157] clocksource: Switched to clocksource kvm-clock
[    0.301788] VFS: Disk quotas dquot_6.6.0
[    0.303182] VFS: Dquot-cache hash table entries: 512 (order 0, 4096 bytes)
[    0.305248] AppArmor: AppArmor Filesystem Enabled
[    0.306655] pnp: PnP ACPI init
[    0.308576] pnp: PnP ACPI: found 3 devices
[    0.316584] clocksource: acpi_pm: mask: 0xffffff max_cycles: 0xffffff, max_idle_ns: 2085701024 ns
[    0.318292] NET: Registered protocol family 2
[    0.319415] TCP established hash table entries: 8192 (order: 4, 65536 bytes)
[    0.321251] TCP bind hash table entries: 8192 (order: 5, 131072 bytes)
[    0.324363] TCP: Hash tables configured (established 8192 bind 8192)
[    0.325624] UDP hash table entries: 512 (order: 2, 16384 bytes)
[    0.326936] UDP-Lite hash table entries: 512 (order: 2, 16384 bytes)
[    0.328558] NET: Registered protocol family 1
[    0.329669] pci 0000:00:00.0: Limiting direct PCI/PCI transfers
[    0.331018] pci 0000:00:01.0: Activating ISA DMA hang workarounds
[    0.332444] pci 0000:00:02.0: Video device with shadowed ROM at [mem 0x000c0000-0x000dffff]
[    0.334098] Unpacking initramfs...
[    0.624599] Freeing initrd memory: 19520K
[    0.625504] clocksource: tsc: mask: 0xffffffffffffffff max_cycles: 0x32557c2616d, max_idle_ns: 440795328427 ns
[    0.628003] platform rtc_cmos: registered platform RTC device (no PNP device found)
[    0.629547] Scanning for low memory corruption every 60 seconds
[    0.631509] Initialise system trusted keyrings
[    0.632717] Key type blacklist registered
[    0.633774] workingset: timestamp_bits=36 max_order=18 bucket_order=0
[    0.635824] zbud: loaded
[    0.637443] squashfs: version 4.0 (2009/01/31) Phillip Lougher
[    0.639225] fuse init (API version 7.26)
[    0.641899] Key type asymmetric registered
[    0.642909] Asymmetric key parser 'x509' registered
[    0.643972] Block layer SCSI generic (bsg) driver version 0.4 loaded (major 246)
[    0.645403] io scheduler noop registered
[    0.646156] io scheduler deadline registered
[    0.647234] io scheduler cfq registered (default)
[    0.648480] ACPI: AC Adapter [AC] (on-line)
[    0.649315] input: Power Button as /devices/LNXSYSTM:00/LNXPWRBN:00/input/input0
[    0.650716] ACPI: Power Button [PWRF]
[    0.651480] input: Sleep Button as /devices/LNXSYSTM:00/LNXSLPBN:00/input/input1
[    0.653190] ACPI: Sleep Button [SLPF]
[    0.656009] Serial: 8250/16550 driver, 32 ports, IRQ sharing enabled
[    0.678647] 00:02: ttyS0 at I/O 0x3f8 (irq = 4, base_baud = 115200) is a 16550A
[    0.683416] Linux agpgart interface v0.103
[    0.685416] loop: module loaded
[    0.686719] scsi host0: ata_piix
[    0.687938] scsi host1: ata_piix
[    0.689148] ata1: PATA max UDMA/33 cmd 0x1f0 ctl 0x3f6 bmdma 0xd000 irq 14
[    0.690374] ata2: PATA max UDMA/33 cmd 0x170 ctl 0x376 bmdma 0xd008 irq 15
[    0.691861] libphy: Fixed MDIO Bus: probed
[    0.692677] tun: Universal TUN/TAP device driver, 1.6
[    0.693706] PPP generic driver version 2.4.2
[    0.694667] ehci_hcd: USB 2.0 'Enhanced' Host Controller (EHCI) Driver
[    0.695962] ehci-pci: EHCI PCI platform driver
[    0.696982] ehci-platform: EHCI generic platform driver
[    0.697966] ohci_hcd: USB 1.1 'Open' Host Controller (OHCI) Driver
[    0.699258] ohci-pci: OHCI PCI platform driver
[    0.700179] ohci-platform: OHCI generic platform driver
[    0.701324] uhci_hcd: USB Universal Host Controller Interface driver
[    0.702650] i8042: PNP: PS/2 Controller [PNP0303:PS2K,PNP0f03:PS2M] at 0x60,0x64 irq 1,12
[    0.705889] serio: i8042 KBD port at 0x60,0x64 irq 1
[    0.706865] serio: i8042 AUX port at 0x60,0x64 irq 12
[    0.708310] mousedev: PS/2 mouse device common for all mice
[    0.710083] rtc_cmos rtc_cmos: rtc core: registered rtc_cmos as rtc0
[    0.711415] rtc_cmos rtc_cmos: alarms up to one day, 114 bytes nvram
[    0.712639] input: AT Translated Set 2 keyboard as /devices/platform/i8042/serio0/input/input2
[    0.714217] i2c /dev entries driver
[    0.715097] device-mapper: uevent: version 1.0.3
[    0.716739] device-mapper: ioctl: 4.37.0-ioctl (2017-09-20) initialised: dm-devel@redhat.com
[    0.718375] ledtrig-cpu: registered to indicate activity on CPUs
[    0.720279] NET: Registered protocol family 10
[    0.725792] Segment Routing with IPv6
[    0.726852] NET: Registered protocol family 17
[    0.727809] Key type dns_resolver registered
[    0.729162] mce: Using 0 MCE banks
[    0.729841] RAS: Correctable Errors collector initialized.
[    0.730825] sched_clock: Marking stable (729130694, 0)->(1753663594, -1024532900)
[    0.732762] registered taskstats version 1
[    0.733648] Loading compiled-in X.509 certificates
[    0.736803] Loaded X.509 cert 'Build time autogenerated kernel key: de118354fe72448b469776565e76ac30c08e8db2'
[    0.739640] Loaded X.509 cert 'Canonical Ltd. Live Patch Signing: 14df34d1a87cf37625abec039ef2bf521249b969'
[    0.741947] Loaded X.509 cert 'Canonical Ltd. Kernel Module Signing: 88f752e560a1e0737e31163a466ad7b70a850c19'
[    0.743980] zswap: loaded using pool lzo/zbud
[    0.748233] Key type big_key registered
[    0.749017] Key type trusted registered
[    0.751273] Key type encrypted registered
[    0.752071] AppArmor: AppArmor sha1 policy hashing enabled
[    0.753390] ima: No TPM chip found, activating TPM-bypass! (rc=-19)
[    0.754930] ima: Allocated hash algorithm: sha1
[    0.755931] evm: HMAC attrs: 0x1
[    0.757008]   Magic number: 5:746:540
[    0.757719]  node: hash matches
[    0.758495] rtc_cmos rtc_cmos: setting system clock to 2021-05-21 16:30:38 UTC (1621614638)
[    0.760107] BIOS EDD facility v0.16 2004-Jun-25, 0 devices found
[    0.761370] EDD information not available.
[    0.873454] Freeing unused kernel image memory: 2444K
[    1.278019] Write protecting the kernel read-only data: 20480k
[    1.279548] Freeing unused kernel image memory: 2008K
[    1.280866] Freeing unused kernel image memory: 1828K
[    1.287027] x86/mm: Checked W+X mappings: passed, no W+X pages found.
[    1.288624] x86/mm: Checking user space page tables
[    1.294232] x86/mm: Checked W+X mappings: passed, no W+X pages found.
Loading, please wait...
starting version 237
[    1.350258] e1000: Intel(R) PRO/1000 Network Driver - version 7.3.21-k8-NAPI
[    1.351674] e1000: Copyright (c) 1999-2006 Intel Corporation.
[    1.353356] Fusion MPT base driver 3.04.20
[    1.354644] Copyright (c) 1999-2008 LSI Corporation
[    1.371637] Fusion MPT SPI Host driver 3.04.20
[    1.374702] AVX2 version of gcm_enc/dec engaged.
[    1.375583] AES CTR mode by8 optimization enabled
[    1.563847] input: ImExPS/2 Generic Explorer Mouse as /devices/platform/i8042/serio1/input/input4
[    1.761094] e1000 0000:00:03.0 eth0: (PCI:33MHz:32-bit) 02:99:e6:1d:88:6e
[    1.762559] e1000 0000:00:03.0 eth0: Intel(R) PRO/1000 Network Connection
[    2.161492] e1000 0000:00:08.0 eth1: (PCI:33MHz:32-bit) 08:00:27:d6:ba:fd
[    2.163181] e1000 0000:00:08.0 eth1: Intel(R) PRO/1000 Network Connection
[    2.165692] e1000 0000:00:08.0 enp0s8: renamed from eth1
[    2.167212] mptbase: ioc0: Initiating bringup
[    2.177841] e1000 0000:00:03.0 enp0s3: renamed from eth0
[    2.779460] ioc0: LSI53C1030 A0: Capabilities={Initiator}
[    7.658252] scsi host2: ioc0: LSI53C1030 A0, FwRev=00000000h, Ports=1, MaxQ=256, IRQ=20
[   10.613148] scsi 2:0:0:0: Direct-Access     VBOX     HARDDISK         1.0  PQ: 0 ANSI: 5
[   10.644302] scsi target2:0:0: Beginning Domain Validation
[   10.647013] scsi target2:0:0: Domain Validation skipping write tests
[   10.648358] scsi target2:0:0: Ending Domain Validation
[   10.649400] scsi target2:0:0: asynchronous
[   10.650849] scsi 2:0:1:0: Direct-Access     VBOX     HARDDISK         1.0  PQ: 0 ANSI: 5
[   10.684435] scsi target2:0:1: Beginning Domain Validation
[   10.686803] random: fast init done
[   10.687785] scsi target2:0:1: Domain Validation skipping write tests
[   10.689122] scsi target2:0:1: Ending Domain Validation
[   10.690458] scsi target2:0:1: asynchronous
[   10.694578] random: systemd-udevd: uninitialized urandom read (16 bytes read)
[   10.695895] random: systemd-udevd: uninitialized urandom read (16 bytes read)
[   10.697367] random: systemd-udevd: uninitialized urandom read (16 bytes read)
[   10.698983] sd 2:0:0:0: Attached scsi generic sg0 type 0
[   10.699082] sd 2:0:0:0: [sda] 83886080 512-byte logical blocks: (42.9 GB/40.0 GiB)
[   10.701538] sd 2:0:0:0: [sda] Write Protect is off
[   10.702606] sd 2:0:1:0: Attached scsi generic sg1 type 0
[   10.702771] sd 2:0:0:0: [sda] Incomplete mode parameter data
[   10.705314] sd 2:0:0:0: [sda] Assuming drive cache: write through
[   10.707009] sd 2:0:1:0: [sdb] 20480 512-byte logical blocks: (10.5 MB/10.0 MiB)
[   10.708713]  sda: sda1
[   10.709455] sd 2:0:1:0: [sdb] Write Protect is off
[   10.710055] sd 2:0:0:0: [sda] Attached SCSI disk
[   10.711952] sd 2:0:1:0: [sdb] Incomplete mode parameter data
[   10.713108] sd 2:0:1:0: [sdb] Assuming drive cache: write through
[   10.732097] sd 2:0:1:0: [sdb] Attached SCSI disk
Begin: Loading essential drivers ... [   12.132079] raid6: sse2x1   gen() 11914 MB/s
[   12.180146] raid6: sse2x1   xor()  8552 MB/s
[   12.228191] raid6: sse2x2   gen() 14578 MB/s
[   12.276248] raid6: sse2x2   xor()  9370 MB/s
[   12.324080] raid6: sse2x4   gen() 17499 MB/s
[   12.372045] raid6: sse2x4   xor() 10425 MB/s
[   12.420039] raid6: avx2x1   gen() 23875 MB/s
[   12.468058] raid6: avx2x1   xor() 15903 MB/s
[   12.516082] raid6: avx2x2   gen() 27629 MB/s
[   12.564369] raid6: avx2x2   xor() 16719 MB/s
[   12.612059] raid6: avx2x4   gen() 31253 MB/s
[   12.660250] raid6: avx2x4   xor() 18423 MB/s
[   12.661288] raid6: using algorithm avx2x4 gen() 31253 MB/s
[   12.664933] raid6: .... xor() 18423 MB/s, rmw enabled
[   12.665914] raid6: using avx2x2 recovery algorithm
[   12.668670] xor: automatically using best checksumming function   avx       
[   12.671324] async_tx: api initialized (async)
done.
Begin: Running /scripts/init-premount ... done.
Begin: Mounting root file system ... Begin: Running /scripts/local-top ... done.
Begin: Running /scripts/local-premount ... [   12.712835] Btrfs loaded, crc32c=crc32c-intel
Scanning for Btrfs filesystems
done.
Warning: fsck not present, so skipping root file system
[   12.748526] EXT4-fs (sda1): mounted filesystem with ordered data mode. Opts: (null)
done.
Begin: Running /scripts/local-bottom ... done.
Begin: Running /scripts/init-bottom ... done.
[   12.954732] ip_tables: (C) 2000-2006 Netfilter Core Team
[   12.968511] systemd[1]: systemd 237 running in system mode. (+PAM +AUDIT +SELINUX +IMA +APPARMOR +SMACK +SYSVINIT +UTMP +LIBCRYPTSETUP +GCRYPT +GNUTLS +ACL +XZ +LZ4 +SECCOMP +BLKID +ELFUTILS +KMOD -IDN2 +IDN -PCRE2 default-hierarchy=hybrid)
[   12.972364] systemd[1]: Detected virtualization oracle.
[   12.973473] systemd[1]: Detected architecture x86-64.

Welcome to [1mUbuntu 18.04.5 LTS[0m!

[   12.980608] systemd[1]: Set hostname to <ubuntu>.
[   12.987152] systemd[1]: Initializing machine ID from random generator.
[   12.988927] systemd[1]: Installed transient /etc/machine-id file.
[   13.261126] systemd[1]: Created slice System Slice.
[[0;32m  OK  [0m] Created slice System Slice.
[   13.262956] systemd[1]: Listening on Device-mapper event daemon FIFOs.
[[0;32m  OK  [0m] Listening on Device-mapper event daemon FIFOs.
[   13.265220] systemd[1]: Listening on Syslog Socket.
[[0;32m  OK  [0m] Listening on Syslog Socket.
[   13.266965] systemd[1]: Reached target Swap.
[[0;32m  OK  [0m] Reached target Swap.
[[0;32m  OK  [0m] Listening on LVM2 metadata daemon socket.
[[0;32m  OK  [0m] Reached target System Time Synchronized.
[[0;32m  OK  [0m] Created slice User and Session Slice.
[[0;32m  OK  [0m] Reached target Slices.
[[0;32m  OK  [0m] Started Forward Password Requests to Wall Directory Watch.
[[0;32m  OK  [0m] Set up automount Arbitrary Executab…rmats File System Automount Point.
[[0;32m  OK  [0m] Listening on Network Service Netlink Socket.
[[0;32m  OK  [0m] Listening on fsck to fsckd communication Socket.
[[0;32m  OK  [0m] Listening on Journal Socket.
         Mounting Huge Pages File System...
         Starting Load Kernel Modules...
         Starting Uncomplicated firewall...
         Mounting Kernel Debug File System...
         Starting Create list of required st…ce nodes for the current kernel...
[   13.665284] Loading iSCSI transport class v2.0-870.
         Starting File System Check on Root Device...
         Mounting POSIX Message Queue File System...
         Starting Set the console keyboard layout...
[[0;32m  OK  [0m] Reached target User and Group Name Lookups.
[[0;32m  OK  [0m] Created slice system-serial\x2dgetty.slice.
[[0;32m  OK  [0m] Listening on Journal Audit Socket.
[[0;32m  OK  [0m] Listening on Journal Socket (/dev/log).
         Starting Journal Service...
[[0;32m  OK  [0m] Listening on udev Control Socket.
[   14.665664] iscsi: registered transport (tcp)
[[0;32m  OK  [0m] Listening on /dev/initctl Compatibility Named Pipe.
[[0;32m  OK  [0m] Listening on udev Kernel Socket.
         Starting udev Coldplug all Devices...
[[0;32m  OK  [0m] Listening on LVM2 poll daemon socket.
         Starting Monitoring of LVM2 mirrors…ng dmeventd or progress polling...
[[0;32m  OK  [0m] Mounted Huge Pages File System.
[[0;32m  OK  [0m] Started Uncomplicated firewall.
[[0;32m  OK  [0m] Mounted Kernel Debug File System.
[[0;32m  OK  [0m] Started Create list of required sta…vice nodes for the current kernel.
[   14.721422] iscsi: registered transport (iser)
[[0;32m  OK  [0m] Started Journal Service.
[[0;32m  OK  [0m] Started Load Kernel Modules.
[[0;32m  OK  [0m] Started File System Check on Root Device.
[[0;32m  OK  [0m] Mounted POSIX Message Queue File System.
[[0;32m  OK  [0m] Started File System Check Daemon to report status.
         Starting Remount Root and Kernel File Systems...
         Mounting Kernel Configuration File System...
         Mounting FUSE Control File System...
         Starting Apply Kernel Variables...
         Starting Create Static Device Nodes in /dev...
[[0;32m  OK  [0m] Mounted Kernel Configuration File System.
[[0;32m  OK  [0m] Mounted FUSE Control File System.
[[0;32m  OK  [0m] Started LVM2 metadata daemon.
[[0;32m  OK  [0m] Started udev Coldplug all Devices.
[[0;32m  OK  [0m] Started Remount Root and Kernel File Systems.
[[0;32m  OK  [0m] Started Apply Kernel Variables.
[[0;32m  OK  [0m] Started Create Static Device Nodes in /dev.
         Starting udev Kernel Device Manager...
         Starting Flush Journal to Persistent Storage...
         Starting Load/Save Random Seed...
[[0;32m  OK  [0m] Started Monitoring of LVM2 mirrors,…sing dmeventd or progress polling.
[[0;32m  OK  [0m] Started Load/Save Random Seed.
[[0;32m  OK  [0m] Started Set the console keyboard layout.
[[0;32m  OK  [0m] Reached target Local File Systems (Pre).
[[0;32m  OK  [0m] Reached target Local File Systems.
         Starting ebtables ruleset management...
         Starting Set console font and keymap...
         Starting Tell Plymouth To Write Out Runtime Data...
         Starting Commit a transient machine-id on disk...
         Starting AppArmor initialization...
[[0;32m  OK  [0m] Started udev Kernel Device Manager.
[[0;32m  OK  [0m] Started Dispatch Password Requests to Console Directory Watch.
[[0;32m  OK  [0m] Reached target Local Encrypted Volumes.
[[0;32m  OK  [0m] Started Set console font and keymap.
[[0;32m  OK  [0m] Started Tell Plymouth To Write Out Runtime Data.
[[0;32m  OK  [0m] Started Flush Journal to Persistent Storage.
         Starting Create Volatile Files and Directories...
[[0;32m  OK  [0m] Started Commit a transient machine-id on disk.
[[0;32m  OK  [0m] Started Create Volatile Files and Directories.
         Starting Update UTMP about System Boot/Shutdown...
[[0;32m  OK  [0m] Started Update UTMP about System Boot/Shutdown.
[[0;32m  OK  [0m] Started ebtables ruleset management.
[[0;32m  OK  [0m] Found device /dev/ttyS0.
[[0;32m  OK  [0m] Listening on Load/Save RF Kill Switch Status /dev/rfkill Watch.
[[0;32m  OK  [0m] Started AppArmor initialization.
         Starting Initial cloud-init job (pre-networking)...
         Starting Load AppArmor profiles managed internally by snapd...
[[0;32m  OK  [0m] Started Load AppArmor profiles managed internally by snapd.
[   17.077813] cloud-init[565]: Cloud-init v. 21.1-19-gbad84ad4-0ubuntu1~18.04.2 running 'init-local' at Fri, 21 May 2021 16:30:54 +0000. Up 16.76 seconds.
[[0;32m  OK  [0m] Started Initial cloud-init job (pre-networking).
[[0;32m  OK  [0m] Reached target Network (Pre).
         Starting Network Service...
[[0;32m  OK  [0m] Started Network Service.
         Starting Network Name Resolution...
         Starting Wait for Network to be Configured...
[[0;32m  OK  [0m] Started Network Name Resolution.
[[0;32m  OK  [0m] Reached target Host and Network Name Lookups.
[[0;32m  OK  [0m] Reached target Network.
[[0;32m  OK  [0m] Started Wait for Network to be Configured.
         Starting Initial cloud-init job (metadata service crawler)...
[   19.116684] cloud-init[705]: Cloud-init v. 21.1-19-gbad84ad4-0ubuntu1~18.04.2 running 'init' at Fri, 21 May 2021 16:30:56 +0000. Up 18.98 seconds.
[   19.118364] cloud-init[705]: ci-info: ++++++++++++++++++++++++++++++++++++++Net device info+++++++++++++++++++++++++++++++++++++++
[   19.119894] cloud-init[705]: ci-info: +--------+-------+----------------------------+---------------+--------+-------------------+
[   19.132329] cloud-init[705]: ci-info: | Device |   Up  |          Address           |      Mask     | Scope  |     Hw-Address    |
[   19.133864] cloud-init[705]: ci-info: +--------+-------+----------------------------+---------------+--------+-------------------+
[   19.144267] cloud-init[705]: ci-info: | enp0s3 |  True |         10.0.2.15          | 255.255.255.0 | global | 02:99:e6:1d:88:6e |
[   19.146022] cloud-init[705]: ci-info: | enp0s3 |  True | fe80::99:e6ff:fe1d:886e/64 |       .       |  link  | 02:99:e6:1d:88:6e |
[   19.147589] cloud-init[705]: ci-info: | enp0s8 | False |             .              |       .       |   .    | 08:00:27:d6:ba:fd |
[   19.149363] cloud-init[705]: ci-info: |   lo   |  True |         127.0.0.1          |   255.0.0.0   |  host  |         .         |
[   19.164262] cloud-init[705]: ci-info: |   lo   |  True |          ::1/128           |       .       |  host  |         .         |
[   19.165904] cloud-init[705]: ci-info: +--------+-------+----------------------------+---------------+--------+-------------------+
[   19.167736] cloud-init[705]: ci-info: ++++++++++++++++++++++++++++Route IPv4 info+++++++++++++++++++++++++++++
[   19.169267] cloud-init[705]: ci-info: +-------+-------------+----------+-----------------+-----------+-------+
[   19.170774] cloud-init[705]: ci-info: | Route | Destination | Gateway  |     Genmask     | Interface | Flags |
[   19.172375] cloud-init[705]: ci-info: +-------+-------------+----------+-----------------+-----------+-------+
[   19.173909] cloud-init[705]: ci-info: |   0   |   0.0.0.0   | 10.0.2.2 |     0.0.0.0     |   enp0s3  |   UG  |
[   19.188209] cloud-init[705]: ci-info: |   1   |   10.0.2.0  | 0.0.0.0  |  255.255.255.0  |   enp0s3  |   U   |
[   19.189357] cloud-init[705]: ci-info: |   2   |   10.0.2.2  | 0.0.0.0  | 255.255.255.255 |   enp0s3  |   UH  |
[   19.200606] cloud-init[705]: ci-info: +-------+-------------+----------+-----------------+-----------+-------+
[   19.202774] cloud-init[705]: ci-info: +++++++++++++++++++Route IPv6 info+++++++++++++++++++
[   19.204018] cloud-init[705]: ci-info: +-------+-------------+---------+-----------+-------+
[   19.205122] cloud-init[705]: ci-info: | Route | Destination | Gateway | Interface | Flags |
[   19.206195] cloud-init[705]: ci-info: +-------+-------------+---------+-----------+-------+
[   19.207240] cloud-init[705]: ci-info: |   1   |  fe80::/64  |    ::   |   enp0s3  |   U   |
[   19.208469] cloud-init[705]: ci-info: |   3   |    local    |    ::   |   enp0s3  |   U   |
[   19.220160] cloud-init[705]: ci-info: |   4   |   ff00::/8  |    ::   |   enp0s3  |   U   |
[   19.221283] cloud-init[705]: ci-info: +-------+-------------+---------+-----------+-------+
[   20.853873] cloud-init[705]: Generating public/private rsa key pair.
[   20.854963] cloud-init[705]: Your identification has been saved in /etc/ssh/ssh_host_rsa_key.
[   20.856192] cloud-init[705]: Your public key has been saved in /etc/ssh/ssh_host_rsa_key.pub.
[   20.857215] cloud-init[705]: The key fingerprint is:
[   20.872272] cloud-init[705]: SHA256:6NjrI6ROIH+bEZI2iN0RFhV3j8YRa64wXRPErwyH8B8 root@ubuntu-bionic
[   20.884560] cloud-init[705]: The key's randomart image is:
[   20.885498] cloud-init[705]: +---[RSA 2048]----+
[   20.896297] cloud-init[705]: |    +oo..o*.     |
[   20.896971] cloud-init[705]: |   . ... o.*     |
[   20.908448] cloud-init[705]: |    .  o .O..    |
[   20.909950] cloud-init[705]: |.o o . o+=E..    |
[   20.920313] cloud-init[705]: |= * o + S=.o     |
[   20.920831] cloud-init[705]: |.+ o.= o .+      |
[   20.932334] cloud-init[705]: |  oo+ o .        |
[   20.933101] cloud-init[705]: | ....+..         |
[[0;32m  OK  [0m] Started Initial cloud-init job (metadata service crawler).
[   20.948590] cloud-init[705]: | .. ooo.         |
[[0;32m  OK  [0m] Reached target Network is Online.
[   20.950716] cloud-init[705]: +----[SHA256]-----+
[   20.952930] cloud-init[705]: Generating public/private dsa key pair.
[[0;32m  OK  [0m] Reached target Remote File Systems (Pre).
[   20.954432] cloud-init[705]: Your identification has been saved in /etc/ssh/ssh_host_dsa_key.
[[0;32m  OK  [0m] Reached target Remote File Systems.
[   20.980859] cloud-init[705]: Your public key has been saved in /etc/ssh/ssh_host_dsa_key.pub.
[   20.982693] cloud-init[705]: The key fingerprint is:
         [   20.996620] cloud-init[705]: SHA256:k8RZ710pTSvMTmGoH9q68SqVIigsIwjjimjXgbLXGfo root@ubuntu-bionic
[   20.996720] cloud-init[705]: The key's randomart image is:
Starting Availability of block devices...
[   20.997445] cloud-init[705]: +---[DSA 1024]----+
[[0;32m  OK  [0m[   21.009255] cloud-init[705]: |          . .o . |
[   21.009478] cloud-init] [705]: Reached target Cloud-config availability.|       . o o+ + o|

[   21.010252] cloud-init[705]: |        + . .* +.|
[   21.010478] cloud-init[705]: |o      . o oo.o. |
[   21.011362] cloud-init[705]: |=.  o   S = o..  |
[   21.012473] cloud-init[705]: |== o + . = o     |
[   21.013083] cloud-init[705]: |*.+ + = o..      |
[[0;32m  OK  [0m[   21.013833] cloud-init[705]: |+o + + . .o      |
[   21.014107] cloud-init[705]: |. o .E  .oo.     |
[   21.014794] cloud-init[705]: +----[SHA256]-----+
[   21.015236] cloud-init[705]: Generating public/private ecdsa key pair.
] Reached target System Initialization.
[   21.015502] cloud-init[705]: Your identification has been saved in /etc/ssh/ssh_host_ecdsa_key.
[[   21.028680] cloud-init[705]: Your public key has been saved in /etc/ssh/ssh_host_ecdsa_key.pub.
[   21.028849] cloud-init[705]: The key fingerprint is:
[   21.030353] cloud-init[705]: [0;32m  OK  [0mSHA256:ZrnHnBDoHwDYQAVjd4VKqHIpbYT+Tp1ZDj2HBWmLjTs root@ubuntu-bionic] 
Started Ubuntu Advantage update messaging.
[   21.030459] cloud-init[705]: The key's randomart image is:
[[   21.033379] cloud-init[705]: +---[ECDSA 256]---+
[   21.033582] cloud-init[705]: | o*B+ .++        |
[   21.034274] cloud-init[705]: |..+ooo.+ .       |
[   21.034821] cloud-init[705]: |.+ o .O =        |
[0;32m  OK  [0m] Started Daily Cleanup of Temporary Directories.
[   21.035007] cloud-init[705]: |+.= .= O +       |
[   21.036946] cloud-init[705]: |.+. . O S        |
[[   21.037567] cloud-init[705]: |   o E = * .     |
[   21.037636] cloud-init[705]: |  o   . o =      |
[   21.038315] cloud-init[705]: |   .     .       |
[0;32m  OK  [0m[   21.039042] cloud-init[705]: |                 |
[   21.039319] cloud-init[705]: +----[SHA256]-----+
[   21.040162] cloud-init[705]: Generating public/private ed25519 key pair.
[   21.040525] cloud-init[705]: Your identification has been saved in /etc/ssh/ssh_host_ed25519_key.
] Started Message of the Day.
[   21.041376] cloud-init[705]: Your public key has been saved in /etc/ssh/ssh_host_ed25519_key.pub.
[   21.052831] cloud-init[705]: The key fingerprint is:
[   21.053534] cloud-init[705]: SHA256:Ne8tBd3WFp5xN3CZc7K0PPjUxHlL1VAvt4XQ2aVJjMw root@ubuntu-bionic
[   21.064423] cloud-init[705]: The key's randomart image is:
[   21.065396] cloud-init[705]: +--[ED25519 256]--+
[   21.076653] cloud-init[705]: |           o.=+@&|
[   21.077630] cloud-init[705]: |            E+O@^|
[   21.078452] cloud-init[705]: |          o .+BO&|
[   21.079196] cloud-init[705]: |         . o..**+|
         Starting LXD - unix socket.
[   21.095005] cloud-init[705]: |        S   .o.o |
[   21.096982] cloud-init[705]: |           . o.  |
[   21.097726] cloud-init[705]: |            o .  |
[   21.098362] cloud-init[705]: |             .   |
[[0;32m  OK  [0m] Started ACPI Events Check.
[[0;32m  OK  [0m] Reached target Paths.
[[0;32m  OK  [0m] Started Daily apt download activities.
[[0;32m  OK  [0m] Started Daily apt upgrade and clean activities.
[   21.114902] cloud-init         Starting Socket activation for snappy daemon.
[[0;32m  OK  [0m] Listening on ACPID Listen Socket.
[[0;32m  OK  [0m] Listening on UUID daemon activation socket.
[[0;32m  OK  [0m] Started Discard unused blocks once a week.
[[0;32m  OK  [0m] Listening on D-Bus System Message Bus Socket.
[[0;32m  OK  [0m] Reached target Timers.
[[0;32m  OK  [0m] Listening on Open-iSCSI iscsid Socket.
[[0;32m  OK  [0m] Started Availability of block devices.
[[0;32m  OK  [0m] Listening on LXD - unix socket.
[705]: [[0;32m  OK  [0m] Listening on Socket activation for snappy daemon.
[[0;32m  OK  [0m] Reached target Sockets.
[[0;32m  OK  [0m] Reached target Basic System.
|                 |
         Starting LSB: Record successful boot for GRUB...
[   21.137881] cloud-init[705]: +----[SHA256]-----+
         Starting Login Service...
         Starting LSB: automatic crash report generation...
[[0;32m  OK  [0m] Started D-Bus System Message Bus.
[[0;32m  OK  [0m] Started Regular background program processing daemon.
         Starting Accounts Service...
[[0;32m  OK  [0m] Started Deferred execution scheduler.
         Starting Virtualbox guest utils...
         Starting LXD - container startup/shutdown...
[[0;32m  OK  [0m] Started FUSE filesystem for LXC.
         Starting Dispatcher daemon for systemd-networkd...
         Starting Pollinate to seed the pseudo random number generator...
         Starting Permit User Sessions...
         Starting System Logging Service...
[[0;32m  OK  [0m] Started irqbalance daemon.
         Starting Snap Daemon...
[[0;32m  OK  [0m] Started System Logging Service.
[[0;32m  OK  [0m] Started Permit User Sessions.
[[0;32m  OK  [0m] Started Login Service.
         Starting Authorization Manager...
[[0;32m  OK  [0m] Started Unattended Upgrades Shutdown.
         Starting Terminate Plymouth Boot Screen...
         Starting Hold until boot process finishes up...
[[0;32m  OK  [0m] Started Terminate Plymouth Boot Screen.
[[0;32m  OK  [0m] Started Hold until boot process finishes up.
[[0;32m  OK  [0m] Started Serial Getty on ttyS0.
         Starting Set console scheme...
[[0;32m  OK  [0m] Started Set console scheme.
[[0;32m  OK  [0m] Created slice system-getty.slice.
[[0;32m  OK  [0m] Started Getty on tty1.
[[0;32m  OK  [0m] Reached target Login Prompts.
[[0;32m  OK  [0m] Started LSB: automatic crash report generation.
[[0;32m  OK  [0m] Started LSB: Record successful boot for GRUB.
[[0;32m  OK  [0m] Started Authorization Manager.
[[0;32m  OK  [0m] Started Accounts Service.
[[0;32m  OK  [0m] Started LXD - container startup/shutdown.
[[0;32m  OK  [0m] Started Virtualbox guest utils.
[[0;32m  OK  [0m] Started Dispatcher daemon for systemd-networkd.
[[0;32m  OK  [0m] Started Snap Daemon.
         Starting Wait until snapd is fully seeded...
[[0;32m  OK  [0m] Started Pollinate to seed the pseudo random number generator.
         Starting OpenBSD Secure Shell server...
[[0;32m  OK  [0m] Started OpenBSD Secure Shell server.
[[0;32m  OK  [0m] Created slice User Slice of vagrant.
         Starting User Manager for UID 1000...
[[0;32m  OK  [0m] Started Session 1 of user vagrant.
[[0;32m  OK  [0m] Started User Manager for UID 1000.

Ubuntu 18.04.5 LTS ubuntu-bionic ttyS0

ubuntu-bionic login: [   28.984432] cloud-init[1516]: Cloud-init v. 21.1-19-gbad84ad4-0ubuntu1~18.04.2 running 'modules:config' at Fri, 21 May 2021 16:31:06 +0000. Up 28.35 seconds.
ci-info: no authorized SSH keys fingerprints found for user ubuntu.
<14>May 21 16:31:07 ec2: 
<14>May 21 16:31:07 ec2: #############################################################
<14>May 21 16:31:07 ec2: -----BEGIN SSH HOST KEY FINGERPRINTS-----
<14>May 21 16:31:07 ec2: 1024 SHA256:k8RZ710pTSvMTmGoH9q68SqVIigsIwjjimjXgbLXGfo root@ubuntu-bionic (DSA)
<14>May 21 16:31:07 ec2: 256 SHA256:ZrnHnBDoHwDYQAVjd4VKqHIpbYT+Tp1ZDj2HBWmLjTs root@ubuntu-bionic (ECDSA)
<14>May 21 16:31:07 ec2: 256 SHA256:Ne8tBd3WFp5xN3CZc7K0PPjUxHlL1VAvt4XQ2aVJjMw root@ubuntu-bionic (ED25519)
<14>May 21 16:31:07 ec2: 2048 SHA256:6NjrI6ROIH+bEZI2iN0RFhV3j8YRa64wXRPErwyH8B8 root@ubuntu-bionic (RSA)
<14>May 21 16:31:07 ec2: -----END SSH HOST KEY FINGERPRINTS-----
<14>May 21 16:31:07 ec2: #############################################################
-----BEGIN SSH HOST KEY KEYS-----
ecdsa-sha2-nistp256 AAAAE2VjZHNhLXNoYTItbmlzdHAyNTYAAAAIbmlzdHAyNTYAAABBBMr2AU5ywvUjB5MQO+Hp8+M1ShLnuwvMJDT4fYbGuIOLhAkHHv3lS3s/LNLUzCMgX+ZHzbp2Sp29hJKTiVrLrIY= root@ubuntu-bionic
ssh-ed25519 AAAAC3NzaC1lZDI1NTE5AAAAIEiPKnGPdVK1/BuLLJwWrDq5Ex8R/zFPgfpqPO1BjnHT root@ubuntu-bionic
ssh-rsa AAAAB3NzaC1yc2EAAAADAQABAAABAQCs4yrThdJvPeHlLVKQueDYyWHoaHDY2Lu8ZP6r5ag058fuN0mGjevuGuvDI5RYvHe367SaDTi1TUxdIx0c+2QkMe/xF2Ao7zfLM0e+jjdUaq6ggmjlY2S0UCw8wWd7JT9GJhKulc2TNBAqp33WftwnNIsf4kFmoukIDF3XxgifbNsuVZm0aTM+t1cOnIorxrOFF0CzrEiWxPyyPjEg2/zP/jrnAhtHJ2LTzjhCz46zMUFrlcT/UPyDqixEZq6o7awOOHRFduS4ywVw4FdYrnp1uvqeeTU/IMGxW4qGKzzjPWwHfFRKksRGu1obSqM7sYXaA582FgZXxCHlvWrWkXQV root@ubuntu-bionic
-----END SSH HOST KEY KEYS-----
[   29.672616] cloud-init[1734]: Cloud-init v. 21.1-19-gbad84ad4-0ubuntu1~18.04.2 running 'modules:final' at Fri, 21 May 2021 16:31:07 +0000. Up 29.49 seconds.
[   29.674277] cloud-init[1734]: ci-info: no authorized SSH keys fingerprints found for user ubuntu.
[   29.675626] cloud-init[1734]: Cloud-init v. 21.1-19-gbad84ad4-0ubuntu1~18.04.2 finished at Fri, 21 May 2021 16:31:07 +0000. Datasource DataSourceNoCloud [seed=/dev/sdb][dsmode=net].  Up 29.66 seconds
